<?xml version="1.0" encoding="UTF-8"?>
<!-- Generated by org.testng.reporters.JUnitXMLReporter -->
<testsuite ignored="0" hostname="LAPTOP-SIK01H1P" failures="0" tests="3" name="Default test" time="20.475" errors="0" timestamp="2022-05-20T19:31:12 IST">
  <testcase classname="Test_ProfilePage" name="profilePage" time="6.36"/>
  <testcase classname="Test_ProfilePage" name="uploadProfileImage" time="2.72"/>
  <testcase classname="Test_ProfilePage" name="testProjectSummaryButton" time="0.161"/>
</testsuite> <!-- Default test -->
