<?xml version="1.0" encoding="UTF-8"?>
<testng-results ignored="0" total="3" passed="3" failed="0" skipped="0">
  <reporter-output>
  </reporter-output>
  <suite started-at="2022-05-20T19:30:52 IST" name="Default suite" finished-at="2022-05-20T19:31:12 IST" duration-ms="20475">
    <groups>
    </groups>
    <test started-at="2022-05-20T19:30:52 IST" name="Default test" finished-at="2022-05-20T19:31:12 IST" duration-ms="20475">
      <class name="Test_ProfilePage">
        <test-method is-config="true" signature="setUp()[pri:0, instance:Test_ProfilePage@2d710f1a]" started-at="2022-05-20T19:30:52 IST" name="setUp" finished-at="2022-05-20T19:31:03 IST" duration-ms="11175" status="PASS">
          <reporter-output>
          </reporter-output>
        </test-method> <!-- setUp -->
        <test-method signature="profilePage()[pri:1, instance:Test_ProfilePage@2d710f1a]" started-at="2022-05-20T19:31:03 IST" name="profilePage" finished-at="2022-05-20T19:31:09 IST" duration-ms="6360" status="PASS">
          <reporter-output>
          </reporter-output>
        </test-method> <!-- profilePage -->
        <test-method signature="uploadProfileImage()[pri:2, instance:Test_ProfilePage@2d710f1a]" started-at="2022-05-20T19:31:10 IST" name="uploadProfileImage" finished-at="2022-05-20T19:31:12 IST" duration-ms="2720" status="PASS">
          <reporter-output>
          </reporter-output>
        </test-method> <!-- uploadProfileImage -->
        <test-method signature="testProjectSummaryButton()[pri:3, instance:Test_ProfilePage@2d710f1a]" started-at="2022-05-20T19:31:12 IST" name="testProjectSummaryButton" finished-at="2022-05-20T19:31:12 IST" duration-ms="161" status="PASS">
          <reporter-output>
          </reporter-output>
        </test-method> <!-- testProjectSummaryButton -->
      </class> <!-- Test_ProfilePage -->
    </test> <!-- Default test -->
  </suite> <!-- Default suite -->
</testng-results>
